<?xml version="1.0" encoding="utf-8"?><testsuites name="pytest tests"><testsuite name="pytest" errors="0" failures="0" skipped="0" tests="25" time="2.222" timestamp="2026-04-27T11:00:41.768647+00:00" hostname="agent-env-b1646de9-3c2b-4ce8-aba8-9f765222e394"><testcase classname="backend.tests.backend_test.TestAuth" name="test_root" time="0.274" /><testcase classname="backend.tests.backend_test.TestAuth" name="test_client_pin_ok" time="0.048" /><testcase classname="backend.tests.backend_test.TestAuth" name="test_consultant_pin_ok" time="0.050" /><testcase classname="backend.tests.backend_test.TestAuth" name="test_invalid_pin" time="0.049" /><testcase classname="backend.tests.backend_test.TestAuth" name="test_missing_token" time="0.073" /><testcase classname="backend.tests.backend_test.TestAuth" name="test_invalid_token" time="0.046" /><testcase classname="backend.tests.backend_test.TestStateAndNda" name="test_state_shape_client" time="0.098" /><testcase classname="backend.tests.backend_test.TestStateAndNda" name="test_state_consultant_nda_true" time="0.095" /><testcase classname="backend.tests.backend_test.TestStateAndNda" name="test_nda_accept_persists" time="0.097" /><testcase classname="backend.tests.backend_test.TestExpenses" name="test_add_expense_valid" time="0.162" /><testcase classname="backend.tests.backend_test.TestExpenses" name="test_add_expense_invalid_amount" time="0.060" /><testcase classname="backend.tests.backend_test.TestExpenses" name="test_add_expense_empty_desc" time="0.051" /><testcase classname="backend.tests.backend_test.TestExpenses" name="test_list_expenses_contains_created" time="0.048" /><testcase classname="backend.tests.backend_test.TestExpenses" name="test_delete_expense" time="0.141" /><testcase classname="backend.tests.backend_test.TestExpenses" name="test_delete_nonexistent" time="0.047" /><testcase classname="backend.tests.backend_test.TestExpenses" name="test_cleanup_test_expenses" time="0.093" /><testcase classname="backend.tests.backend_test.TestEaa" name="test_list_models" time="0.049" /><testcase classname="backend.tests.backend_test.TestEaa" name="test_select_valid" time="0.100" /><testcase classname="backend.tests.backend_test.TestEaa" name="test_select_invalid" time="0.050" /><testcase classname="backend.tests.backend_test.TestUrgentSignals" name="test_create_signal_client" time="0.063" /><testcase classname="backend.tests.backend_test.TestUrgentSignals" name="test_list_signals_consultant" time="0.047" /><testcase classname="backend.tests.backend_test.TestUrgentSignals" name="test_list_signals_client_forbidden" time="0.046" /><testcase classname="backend.tests.backend_test.TestProjectsMilestones" name="test_projects" time="0.045" /><testcase classname="backend.tests.backend_test.TestProjectsMilestones" name="test_milestones" time="0.046" /><testcase classname="backend.tests.backend_test.TestLogout" name="test_logout_invalidates" time="0.186" /></testsuite></testsuites>