<?xml version="1.0" encoding="utf-8"?><testsuites name="pytest tests"><testsuite name="pytest" errors="0" failures="1" skipped="0" tests="18" time="4.264" timestamp="2026-04-18T21:47:43.132667+00:00" hostname="agent-env-c76b70c2-29ce-4228-bae7-3444c384c738"><testcase classname="backend.tests.backend_test.TestAuth" name="test_login_success" time="0.421" /><testcase classname="backend.tests.backend_test.TestAuth" name="test_login_invalid" time="0.328" /><testcase classname="backend.tests.backend_test.TestAuth" name="test_me_with_token" time="0.452" /><testcase classname="backend.tests.backend_test.TestAuth" name="test_me_without_token_401" time="0.139" /><testcase classname="backend.tests.backend_test.TestAuth" name="test_kpis_unauth_401" time="0.111" /><testcase classname="backend.tests.backend_test.TestAuth" name="test_clients_unauth_401" time="0.111" /><testcase classname="backend.tests.backend_test.TestKPIs" name="test_kpis_shape" time="0.105" /><testcase classname="backend.tests.backend_test.TestClients" name="test_list_clients_seed" time="0.110" /><testcase classname="backend.tests.backend_test.TestLifecycle" name="test_01_create_client" time="0.128" /><testcase classname="backend.tests.backend_test.TestLifecycle" name="test_02_get_client" time="0.179" /><testcase classname="backend.tests.backend_test.TestLifecycle" name="test_03_add_milestone" time="0.108" /><testcase classname="backend.tests.backend_test.TestLifecycle" name="test_04_complete_before_paid_returns_400" time="0.117" /><testcase classname="backend.tests.backend_test.TestLifecycle" name="test_05_toggle_paid" time="0.110" /><testcase classname="backend.tests.backend_test.TestLifecycle" name="test_06_can_complete_after_paid" time="0.125" /><testcase classname="backend.tests.backend_test.TestLifecycle" name="test_07_toggle_unpaid_persists" time="0.244" /><testcase classname="backend.tests.backend_test.TestLifecycle" name="test_08_stripe_checkout" time="0.766" /><testcase classname="backend.tests.backend_test.TestLifecycle" name="test_09_payment_status_poll" time="0.324"><failure message="assert 500 == 200&#10; +  where 500 = &lt;Response [500]&gt;.status_code">backend/tests/backend_test.py:184: in test_09_payment_status_poll
    assert r.status_code == 200
E   assert 500 == 200
E    +  where 500 = &lt;Response [500]&gt;.status_code</failure></testcase><testcase classname="backend.tests.backend_test.TestLifecycle" name="test_10_delete_cascade" time="0.234" /></testsuite></testsuites>